<?xml version="1.0" encoding="UTF-8"?>
<!-- Generated by org.testng.reporters.JUnitReportReporter -->
<testsuite hostname="LIN-5CD5335F5G" failures="0" tests="8" name="Oct_17.DemoDataProvider" time="0.027" errors="0" timestamp="2025-10-17T16:49:46 IST" skipped="0">
  <testcase classname="Oct_17.DemoDataProvider" name="f2" time="0.003"/>
  <testcase classname="Oct_17.DemoDataProvider" name="f2" time="0.002"/>
  <testcase classname="Oct_17.DemoDataProvider" name="f3" time="0.003"/>
  <testcase classname="Oct_17.DemoDataProvider" name="f2" time="0.001"/>
  <testcase classname="Oct_17.DemoDataProvider" name="f" time="0.013"/>
  <testcase classname="Oct_17.DemoDataProvider" name="f" time="0.002"/>
  <testcase classname="Oct_17.DemoDataProvider" name="f3" time="0.001"/>
  <testcase classname="Oct_17.DemoDataProvider" name="f" time="0.002"/>
</testsuite> <!-- Oct_17.DemoDataProvider -->
