<?xml version="1.0" encoding="UTF-8"?>
<!-- Generated by org.testng.reporters.JUnitReportReporter -->
<testsuite hostname="LIN-5CD5335F5G" failures="0" tests="3" name="Oct_17.GroupDemo" time="0.015" errors="0" timestamp="2025-10-17T10:32:10 IST" skipped="0">
  <testcase classname="Oct_17.GroupDemo" name="D" time="0.002"/>
  <testcase classname="Oct_17.GroupDemo" name="F" time="0.001"/>
  <testcase classname="Oct_17.GroupDemo" name="B" time="0.012"/>
</testsuite> <!-- Oct_17.GroupDemo -->
