<?xml version="1.0" encoding="UTF-8"?>
<!-- Generated by org.testng.reporters.JUnitReportReporter -->
<testsuite hostname="LIN-5CD5335F5G" failures="0" tests="3" name="Oct_17.ParallelDemo" time="0.044" errors="0" timestamp="2025-10-17T10:47:54 IST" skipped="0">
  <testcase classname="Oct_17.ParallelDemo" name="B" time="0.014"/>
  <testcase classname="Oct_17.ParallelDemo" name="D" time="0.015"/>
  <testcase classname="Oct_17.ParallelDemo" name="F" time="0.015"/>
</testsuite> <!-- Oct_17.ParallelDemo -->
