<?xml version="1.0" encoding="UTF-8"?>
<!-- Generated by org.testng.reporters.JUnitReportReporter -->
<testsuite hostname="LIN-5CD5335F5G" failures="0" tests="1" name="Com.Gmail.Users.Runner.TestNGRunner" time="0.015" errors="0" timestamp="2025-10-28T09:49:13 IST" skipped="0">
  <testcase classname="Com.Gmail.Users.Runner.TestNGRunner" name="f" time="0.015"/>
</testsuite> <!-- Com.Gmail.Users.Runner.TestNGRunner -->
