<?xml version="1.0" encoding="UTF-8"?>
<!-- Generated by org.testng.reporters.JUnitReportReporter -->
<testsuite hostname="LIN-5CD5335F5G" failures="0" tests="3" name="Com.Gmail.Users.Runner.TestRunner2" time="21.132" errors="0" timestamp="2025-10-29T16:07:57 IST" skipped="0">
  <testcase classname="Com.Gmail.Users.Runner.TestRunner2" name="runScenario" time="6.511"/>
  <testcase classname="Com.Gmail.Users.Runner.TestRunner2" name="runScenario" time="6.483"/>
  <testcase classname="Com.Gmail.Users.Runner.TestRunner2" name="runScenario" time="8.138"/>
</testsuite> <!-- Com.Gmail.Users.Runner.TestRunner2 -->
