<?xml version="1.0" encoding="UTF-8"?>
<!-- Generated by org.testng.reporters.JUnitReportReporter -->
<testsuite hostname="LIN-5CD5335F5G" failures="0" tests="1" name="Oct_17.NewTest" time="0.007" errors="0" timestamp="2025-10-17T10:11:21 IST" skipped="0">
  <testcase classname="Oct_17.NewTest" name="tc1" time="0.007"/>
</testsuite> <!-- Oct_17.NewTest -->
