<?xml version="1.0" encoding="UTF-8"?>
<!-- Generated by org.testng.reporters.JUnitReportReporter -->
<testsuite hostname="LIN-5CD5335F5G" failures="0" tests="3" name="Com.Gmail.Users.Runner.TestRunner2" time="23.833" errors="0" timestamp="2025-10-29T17:11:26 IST" skipped="0">
  <testcase classname="Com.Gmail.Users.Runner.TestRunner2" name="runScenario" time="9.430"/>
  <testcase classname="Com.Gmail.Users.Runner.TestRunner2" name="runScenario" time="7.538"/>
  <testcase classname="Com.Gmail.Users.Runner.TestRunner2" name="runScenario" time="6.865"/>
</testsuite> <!-- Com.Gmail.Users.Runner.TestRunner2 -->
